<?xml version="1.0" encoding="UTF-8"?>
<!-- Generated by org.testng.reporters.JUnitReportReporter -->
<testsuite skipped="0" hostname="Himanshu" name="testcases.GetDemo" tests="1" failures="0" timestamp="2022-12-09T16:38:42 IST" time="2.862" errors="0">
  <testcase name="getdetails" time="2.862" classname="testcases.GetDemo"/>
  <system-out/>
</testsuite> <!-- testcases.GetDemo -->
