<?xml version="1.0" encoding="UTF-8"?>
<!-- Generated by org.testng.reporters.JUnitReportReporter -->
<testsuite skipped="0" hostname="Himanshu" name="testcases.Testcaseuserdetails" tests="1" failures="0" timestamp="2022-12-10T10:37:07 IST" time="2.747" errors="0">
  <testcase name="getuserdetails" time="2.747" classname="testcases.Testcaseuserdetails"/>
  <system-out/>
</testsuite> <!-- testcases.Testcaseuserdetails -->
